Arguments: 
  /usr/local/lib/node_modules/node/bin/node /usr/local/Cellar/yarn/1.5.1_1/libexec/bin/yarn.js add --dev @types/elasticdump

PATH: 
  /Users/krijoh/torch/install/bin:/usr/local/opt/go/libexec/bin:/Applications/Postgres.app/Contents/Versions/9.5/bin:/Users/krijoh/.yarn/bin:/usr/local/bin:/usr/bin:/bin:/usr/sbin:/sbin:/opt/X11/bin

Yarn version: 
  1.5.1

Node version: 
  9.2.0

Platform: 
  darwin x64

npm manifest: 
  {
    "name": "core",
    "version": "1.0.0",
    "description": "Scry.io backend",
    "main": "index.js",
    "license": "MIT",
    "devDependencies": {
      "@types/bunyan": "1.8.4",
      "@types/config": "0.0.34",
      "@types/elasticsearch": "5.0.22",
      "@types/jsonwebtoken": "7.2.6",
      "@types/kcors": "2.2.3",
      "@types/koa": "2.0.45",
      "@types/koa-bodyparser": "4.2.0",
      "@types/koa-router": "7.0.28",
      "@types/node": "^9.6.6",
      "@types/ws": "4.0.2",
      "tslint": "5.9.1",
      "typescript": "2.8.3"
    },
    "dependencies": {
      "@ddes/aws-store": "1.0.4",
      "@ddes/core": "1.0.4",
      "@ddes/event-streaming": "1.0.4",
      "JSONStream": "1.3.2",
      "apollo-cache-inmemory": "1.1.12",
      "apollo-client": "2.2.8",
      "apollo-link-schema": "1.1.0",
      "apollo-server-koa": "1.3.6",
      "async": "2.6.0",
      "bodybuilder": "2.2.10",
      "bunyan": "1.8.12",
      "config": "1.30.0",
      "date-fns": "1.29.0",
      "elasticdump": "3.3.12",
      "elasticsearch": "14.2.2",
      "graphql": "0.13.2",
      "graphql-iso-date": "3.5.0",
      "graphql-server-koa": "1.3.6",
      "graphql-tag": "2.9.2",
      "graphql-tools": "3.0.0",
      "immutable": "3.8.2",
      "joi": "13.2.0",
      "jsonwebtoken": "8.2.1",
      "kcors": "2.2.1",
      "koa": "2.5.1",
      "koa-bodyparser": "4.2.0",
      "koa-router": "7.4.0",
      "repl.history": "0.1.4",
      "subscriptions-transport-ws": "0.9.8"
    }
  }

yarn manifest: 
  No manifest

Lockfile: 
  # THIS IS AN AUTOGENERATED FILE. DO NOT EDIT THIS FILE DIRECTLY.
  # yarn lockfile v1
  
  
  "@ddes/aws-store@1.0.4":
    version "1.0.4"
    resolved "https://registry.yarnpkg.com/@ddes/aws-store/-/aws-store-1.0.4.tgz#1c08328c67a9a65a766b2a4947d13a76e893c722"
    dependencies:
      "@ddes/core" "^1.0.4"
      aws-sdk "^2.217.1"
      debug "^3.1.0"
  
  "@ddes/core@1.0.4", "@ddes/core@^1.0.4":
    version "1.0.4"
    resolved "https://registry.yarnpkg.com/@ddes/core/-/core-1.0.4.tgz#101d3261f754c0a59550de16467c1a6be305a902"
    dependencies:
      "@types/debug" "^0.0.30"
      debug "^3.1.0"
      semver "^5.5.0"
  
  "@ddes/event-streaming@1.0.4":
    version "1.0.4"
    resolved "https://registry.yarnpkg.com/@ddes/event-streaming/-/event-streaming-1.0.4.tgz#3c4f58a3c3dd78c538630bf9af69bd009c5f887e"
    dependencies:
      "@ddes/core" "^1.0.4"
      "@types/debug" "^0.0.30"
      "@types/ws" "^4.0.2"
      debug "^3.1.0"
      lodash "^4.17.5"
      ws "^5.1.1"
  
  "@types/accepts@*":
    version "1.3.5"
    resolved "https://registry.yarnpkg.com/@types/accepts/-/accepts-1.3.5.tgz#c34bec115cfc746e04fe5a059df4ce7e7b391575"
    dependencies:
      "@types/node" "*"
  
  "@types/async@2.0.47":
    version "2.0.47"
    resolved "https://registry.yarnpkg.com/@types/async/-/async-2.0.47.tgz#f49ba1dd1f189486beb6e1d070a850f6ab4bd521"
  
  "@types/bcrypt@2.0.0":
    version "2.0.0"
    resolved "https://registry.yarnpkg.com/@types/bcrypt/-/bcrypt-2.0.0.tgz#74cccef82026341fd786cf2eb9c912c7f9107c55"
  
  "@types/body-parser@*":
    version "1.17.0"
    resolved "https://registry.yarnpkg.com/@types/body-parser/-/body-parser-1.17.0.tgz#9f5c9d9bd04bb54be32d5eb9fc0d8c974e6cf58c"
    dependencies:
      "@types/connect" "*"
      "@types/node" "*"
  
  "@types/bunyan@1.8.4":
    version "1.8.4"
    resolved "https://registry.yarnpkg.com/@types/bunyan/-/bunyan-1.8.4.tgz#69c11adc7b50538d45fb68d9ae39d062b9432f38"
    dependencies:
      "@types/events" "*"
      "@types/node" "*"
  
  "@types/config@0.0.34":
    version "0.0.34"
    resolved "https://registry.yarnpkg.com/@types/config/-/config-0.0.34.tgz#123f91bdb5afdd702294b9de9ca04d9ea11137b0"
  
  "@types/connect@*":
    version "3.4.32"
    resolved "https://registry.yarnpkg.com/@types/connect/-/connect-3.4.32.tgz#aa0e9616b9435ccad02bc52b5b454ffc2c70ba28"
    dependencies:
      "@types/node" "*"
  
  "@types/cookies@*":
    version "0.7.1"
    resolved "https://registry.yarnpkg.com/@types/cookies/-/cookies-0.7.1.tgz#f9f204bd6767d389eea3b87609e30c090c77a540"
    dependencies:
      "@types/connect" "*"
      "@types/express" "*"
      "@types/keygrip" "*"
      "@types/node" "*"
  
  "@types/debug@^0.0.30":
    version "0.0.30"
    resolved "https://registry.yarnpkg.com/@types/debug/-/debug-0.0.30.tgz#dc1e40f7af3b9c815013a7860e6252f6352a84df"
  
  "@types/elasticsearch@5.0.22":
    version "5.0.22"
    resolved "https://registry.yarnpkg.com/@types/elasticsearch/-/elasticsearch-5.0.22.tgz#d8901bc4f6326cc51e33325e3a597b4c563f078b"
  
  "@types/events@*":
    version "1.2.0"
    resolved "https://registry.yarnpkg.com/@types/events/-/events-1.2.0.tgz#81a6731ce4df43619e5c8c945383b3e62a89ea86"
  
  "@types/express-serve-static-core@*":
    version "4.11.1"
    resolved "https://registry.yarnpkg.com/@types/express-serve-static-core/-/express-serve-static-core-4.11.1.tgz#f6f7212382d59b19d696677bcaa48a37280f5d45"
    dependencies:
      "@types/events" "*"
      "@types/node" "*"
  
  "@types/express@*":
    version "4.11.1"
    resolved "https://registry.yarnpkg.com/@types/express/-/express-4.11.1.tgz#f99663b3ab32d04cb11db612ef5dd7933f75465b"
    dependencies:
      "@types/body-parser" "*"
      "@types/express-serve-static-core" "*"
      "@types/serve-static" "*"
  
  "@types/graphql@0.12.6":
    version "0.12.6"
    resolved "https://registry.yarnpkg.com/@types/graphql/-/graphql-0.12.6.tgz#3d619198585fcabe5f4e1adfb5cf5f3388c66c13"
  
  "@types/http-assert@*":
    version "1.2.2"
    resolved "https://registry.yarnpkg.com/@types/http-assert/-/http-assert-1.2.2.tgz#17dfe5a82184a8898935d96fe2eaedd37d22d9a4"
  
  "@types/jsonwebtoken@7.2.6":
    version "7.2.6"
    resolved "https://registry.yarnpkg.com/@types/jsonwebtoken/-/jsonwebtoken-7.2.6.tgz#8d018c21ca5910b5eb3ebcb385656606a215032f"
    dependencies:
      "@types/node" "*"
  
  "@types/kcors@2.2.3":
    version "2.2.3"
    resolved "https://registry.yarnpkg.com/@types/kcors/-/kcors-2.2.3.tgz#e6532132492173a8681dd85774f380834b96f571"
    dependencies:
      "@types/koa" "*"
  
  "@types/keygrip@*":
    version "1.0.1"
    resolved "https://registry.yarnpkg.com/@types/keygrip/-/keygrip-1.0.1.tgz#ff540462d2fb4d0a88441ceaf27d287b01c3d878"
  
  "@types/koa-bodyparser@4.2.0":
    version "4.2.0"
    resolved "https://registry.yarnpkg.com/@types/koa-bodyparser/-/koa-bodyparser-4.2.0.tgz#04febc567f3d3dd40e3d1a0e095cdf7b07c4d7ce"
    dependencies:
      "@types/koa" "*"
  
  "@types/koa-compose@*":
    version "3.2.2"
    resolved "https://registry.yarnpkg.com/@types/koa-compose/-/koa-compose-3.2.2.tgz#dc106e000bbf92a3ac900f756df47344887ee847"
  
  "@types/koa-router@7.0.28":
    version "7.0.28"
    resolved "https://registry.yarnpkg.com/@types/koa-router/-/koa-router-7.0.28.tgz#67487c862a831099aed8864a8996bfa7e989edc0"
    dependencies:
      "@types/koa" "*"
  
  "@types/koa@*", "@types/koa@2.0.45":
    version "2.0.45"
    resolved "https://registry.yarnpkg.com/@types/koa/-/koa-2.0.45.tgz#133cbda6cc8d12b73434b5d9663898c833f80aa2"
    dependencies:
      "@types/accepts" "*"
      "@types/cookies" "*"
      "@types/events" "*"
      "@types/http-assert" "*"
      "@types/keygrip" "*"
      "@types/koa-compose" "*"
      "@types/node" "*"
  
  "@types/mime@*":
    version "2.0.0"
    resolved "https://registry.yarnpkg.com/@types/mime/-/mime-2.0.0.tgz#5a7306e367c539b9f6543499de8dd519fac37a8b"
  
  "@types/node@*":
    version "10.0.0"
    resolved "https://registry.yarnpkg.com/@types/node/-/node-10.0.0.tgz#c40f8e07dce607d3ef25a626b93a6a7cdcf97881"
  
  "@types/node@^9.4.6":
    version "9.6.8"
    resolved "https://registry.yarnpkg.com/@types/node/-/node-9.6.8.tgz#32e3d3ef9ea285caeec70a05ab157847920a3fe4"
  
  "@types/node@^9.6.6":
    version "9.6.7"
    resolved "https://registry.yarnpkg.com/@types/node/-/node-9.6.7.tgz#5f3816d1db2155edcde1b2e3aa5d0e5c520cb564"
  
  "@types/serve-static@*":
    version "1.13.1"
    resolved "https://registry.yarnpkg.com/@types/serve-static/-/serve-static-1.13.1.tgz#1d2801fa635d274cd97d4ec07e26b21b44127492"
    dependencies:
      "@types/express-serve-static-core" "*"
      "@types/mime" "*"
  
  "@types/ws@4.0.2", "@types/ws@^4.0.2":
    version "4.0.2"
    resolved "https://registry.yarnpkg.com/@types/ws/-/ws-4.0.2.tgz#b29037627dd7ba31ec49a4f1584840422efb856f"
    dependencies:
      "@types/events" "*"
      "@types/node" "*"
  
  "@types/zen-observable@^0.5.3":
    version "0.5.3"
    resolved "https://registry.yarnpkg.com/@types/zen-observable/-/zen-observable-0.5.3.tgz#91b728599544efbb7386d8b6633693a3c2e7ade5"
  
  JSONStream@1.3.2, JSONStream@^1.2.0:
    version "1.3.2"
    resolved "https://registry.yarnpkg.com/JSONStream/-/JSONStream-1.3.2.tgz#c102371b6ec3a7cf3b847ca00c20bb0fce4c6dea"
    dependencies:
      jsonparse "^1.2.0"
      through ">=2.2.7 <3"
  
  abbrev@1:
    version "1.1.1"
    resolved "https://registry.yarnpkg.com/abbrev/-/abbrev-1.1.1.tgz#f8f2c887ad10bf67f634f005b6987fed3179aac8"
  
  accepts@^1.2.2:
    version "1.3.5"
    resolved "https://registry.yarnpkg.com/accepts/-/accepts-1.3.5.tgz#eb777df6011723a3b14e8a72c0805c8e86746bd2"
    dependencies:
      mime-types "~2.1.18"
      negotiator "0.6.1"
  
  agentkeepalive@^3.4.1:
    version "3.4.1"
    resolved "https://registry.yarnpkg.com/agentkeepalive/-/agentkeepalive-3.4.1.tgz#aa95aebc3a749bca5ed53e3880a09f5235b48f0c"
    dependencies:
      humanize-ms "^1.2.1"
  
  ajv@^5.1.0:
    version "5.5.2"
    resolved "https://registry.yarnpkg.com/ajv/-/ajv-5.5.2.tgz#73b5eeca3fab653e3d3f9422b341ad42205dc965"
    dependencies:
      co "^4.6.0"
      fast-deep-equal "^1.0.0"
      fast-json-stable-stringify "^2.0.0"
      json-schema-traverse "^0.3.0"
  
  ansi-regex@^2.0.0:
    version "2.1.1"
    resolved "https://registry.yarnpkg.com/ansi-regex/-/ansi-regex-2.1.1.tgz#c3b33ab5ee360d86e0e628f0468ae7ef27d654df"
  
  ansi-styles@^2.2.1:
    version "2.2.1"
    resolved "https://registry.yarnpkg.com/ansi-styles/-/ansi-styles-2.2.1.tgz#b432dd3358b634cf75e1e4664368240533c1ddbe"
  
  ansi-styles@^3.2.1:
    version "3.2.1"
    resolved "https://registry.yarnpkg.com/ansi-styles/-/ansi-styles-3.2.1.tgz#41fbb20243e50b12be0f04b8dedbf07520ce841d"
    dependencies:
      color-convert "^1.9.0"
  
  any-promise@^1.1.0:
    version "1.3.0"
    resolved "https://registry.yarnpkg.com/any-promise/-/any-promise-1.3.0.tgz#abc6afeedcea52e809cdc0376aed3ce39635d17f"
  
  apollo-cache-control@^0.1.0:
    version "0.1.1"
    resolved "https://registry.yarnpkg.com/apollo-cache-control/-/apollo-cache-control-0.1.1.tgz#173d14ceb3eb9e7cb53de7eb8b61bee6159d4171"
    dependencies:
      graphql-extensions "^0.0.x"
  
  apollo-cache-inmemory@1.1.12:
    version "1.1.12"
    resolved "https://registry.yarnpkg.com/apollo-cache-inmemory/-/apollo-cache-inmemory-1.1.12.tgz#ab489bf046b3e026556ab28bdebb6e010cac9531"
    dependencies:
      apollo-cache "^1.1.7"
      apollo-utilities "^1.0.11"
      graphql-anywhere "^4.1.8"
  
  apollo-cache@^1.1.7:
    version "1.1.7"
    resolved "https://registry.yarnpkg.com/apollo-cache/-/apollo-cache-1.1.7.tgz#5817018a2fbfc05a21ba319bd17a3e7538110cc5"
    dependencies:
      apollo-utilities "^1.0.11"
  
  apollo-client@2.2.8:
    version "2.2.8"
    resolved "https://registry.yarnpkg.com/apollo-client/-/apollo-client-2.2.8.tgz#b604d31ab2d2dd00db3105d8793b93ee02ce567e"
    dependencies:
      "@types/zen-observable" "^0.5.3"
      apollo-cache "^1.1.7"
      apollo-link "^1.0.0"
      apollo-link-dedup "^1.0.0"
      apollo-utilities "^1.0.11"
      symbol-observable "^1.0.2"
      zen-observable "^0.7.0"
    optionalDependencies:
      "@types/async" "2.0.47"
  
  apollo-link-dedup@^1.0.0:
    version "1.0.9"
    resolved "https://registry.yarnpkg.com/apollo-link-dedup/-/apollo-link-dedup-1.0.9.tgz#3c4e4af88ef027cbddfdb857c043fd0574051dad"
    dependencies:
      apollo-link "^1.2.2"
  
  apollo-link-schema@1.1.0:
    version "1.1.0"
    resolved "https://registry.yarnpkg.com/apollo-link-schema/-/apollo-link-schema-1.1.0.tgz#033fda26ffdbfc809d04892de554867f50e2af8e"
    dependencies:
      apollo-link "^1.2.2"
  
  apollo-link@1.2.1:
    version "1.2.1"
    resolved "https://registry.yarnpkg.com/apollo-link/-/apollo-link-1.2.1.tgz#c120b16059f9bd93401b9f72b94d2f80f3f305d2"
    dependencies:
      "@types/node" "^9.4.6"
      apollo-utilities "^1.0.0"
      zen-observable-ts "^0.8.6"
  
  apollo-link@^1.0.0, apollo-link@^1.2.2:
    version "1.2.2"
    resolved "https://registry.yarnpkg.com/apollo-link/-/apollo-link-1.2.2.tgz#54c84199b18ac1af8d63553a68ca389c05217a03"
    dependencies:
      "@types/graphql" "0.12.6"
      apollo-utilities "^1.0.0"
      zen-observable-ts "^0.8.9"
  
  apollo-server-core@^1.3.6:
    version "1.3.6"
    resolved "https://registry.yarnpkg.com/apollo-server-core/-/apollo-server-core-1.3.6.tgz#08636243c2de56fa8c267d68dd602cb1fbd323e3"
    dependencies:
      apollo-cache-control "^0.1.0"
      apollo-tracing "^0.1.0"
      graphql-extensions "^0.0.x"
  
  apollo-server-koa@1.3.6, apollo-server-koa@^1.3.6:
    version "1.3.6"
    resolved "https://registry.yarnpkg.com/apollo-server-koa/-/apollo-server-koa-1.3.6.tgz#51771d856cc4d22373ebcd869e4ad8f4e53ab45c"
    dependencies:
      apollo-server-core "^1.3.6"
      apollo-server-module-graphiql "^1.3.4"
  
  apollo-server-module-graphiql@^1.3.4:
    version "1.3.4"
    resolved "https://registry.yarnpkg.com/apollo-server-module-graphiql/-/apollo-server-module-graphiql-1.3.4.tgz#50399b7c51b7267d0c841529f5173e5fc7304de4"
  
  apollo-tracing@^0.1.0:
    version "0.1.4"
    resolved "https://registry.yarnpkg.com/apollo-tracing/-/apollo-tracing-0.1.4.tgz#5b8ae1b01526b160ee6e552a7f131923a9aedcc7"
    dependencies:
      graphql-extensions "~0.0.9"
  
  apollo-utilities@^1.0.0, apollo-utilities@^1.0.1, apollo-utilities@^1.0.11:
    version "1.0.11"
    resolved "https://registry.yarnpkg.com/apollo-utilities/-/apollo-utilities-1.0.11.tgz#cd36bfa6e5c04eea2caf0c204a0f38a0ad550802"
  
  aproba@^1.0.3:
    version "1.2.0"
    resolved "https://registry.yarnpkg.com/aproba/-/aproba-1.2.0.tgz#6802e6264efd18c790a1b0d517f0f2627bf2c94a"
  
  are-we-there-yet@~1.1.2:
    version "1.1.4"
    resolved "https://registry.yarnpkg.com/are-we-there-yet/-/are-we-there-yet-1.1.4.tgz#bb5dca382bb94f05e15194373d16fd3ba1ca110d"
    dependencies:
      delegates "^1.0.0"
      readable-stream "^2.0.6"
  
  argparse@^1.0.7:
    version "1.0.10"
    resolved "https://registry.yarnpkg.com/argparse/-/argparse-1.0.10.tgz#bcd6791ea5ae09725e17e5ad988134cd40b3d911"
    dependencies:
      sprintf-js "~1.0.2"
  
  asn1@~0.2.3:
    version "0.2.3"
    resolved "https://registry.yarnpkg.com/asn1/-/asn1-0.2.3.tgz#dac8787713c9966849fc8180777ebe9c1ddf3b86"
  
  assert-plus@1.0.0, assert-plus@^1.0.0:
    version "1.0.0"
    resolved "https://registry.yarnpkg.com/assert-plus/-/assert-plus-1.0.0.tgz#f12e0f3c5d77b0b1cdd9146942e4e96c1e4dd525"
  
  async-limiter@~1.0.0:
    version "1.0.0"
    resolved "https://registry.yarnpkg.com/async-limiter/-/async-limiter-1.0.0.tgz#78faed8c3d074ab81f22b4e985d79e8738f720f8"
  
  async@2.6.0, async@^2.0.1:
    version "2.6.0"
    resolved "https://registry.yarnpkg.com/async/-/async-2.6.0.tgz#61a29abb6fcc026fea77e56d1c6ec53a795951f4"
    dependencies:
      lodash "^4.14.0"
  
  asynckit@^0.4.0:
    version "0.4.0"
    resolved "https://registry.yarnpkg.com/asynckit/-/asynckit-0.4.0.tgz#c79ed97f7f34cb8f2ba1bc9790bcc366474b4b79"
  
  aws-sdk@^2.217.1, aws-sdk@^2.36.0:
    version "2.229.1"
    resolved "https://registry.yarnpkg.com/aws-sdk/-/aws-sdk-2.229.1.tgz#6123c8acee0de534a0585e1375ee19c4de54a39e"
    dependencies:
      buffer "4.9.1"
      events "1.1.1"
      ieee754 "1.1.8"
      jmespath "0.15.0"
      querystring "0.2.0"
      sax "1.2.1"
      url "0.10.3"
      uuid "3.1.0"
      xml2js "0.4.17"
      xmlbuilder "4.2.1"
  
  aws-sign2@~0.7.0:
    version "0.7.0"
    resolved "https://registry.yarnpkg.com/aws-sign2/-/aws-sign2-0.7.0.tgz#b46e890934a9591f2d2f6f86d7e6a9f1b3fe76a8"
  
  aws4@^1.4.1, aws4@^1.6.0:
    version "1.7.0"
    resolved "https://registry.yarnpkg.com/aws4/-/aws4-1.7.0.tgz#d4d0e9b9dbfca77bf08eeb0a8a471550fe39e289"
  
  babel-code-frame@^6.22.0:
    version "6.26.0"
    resolved "https://registry.yarnpkg.com/babel-code-frame/-/babel-code-frame-6.26.0.tgz#63fd43f7dc1e3bb7ce35947db8fe369a3f58c74b"
    dependencies:
      chalk "^1.1.3"
      esutils "^2.0.2"
      js-tokens "^3.0.2"
  
  backo2@^1.0.2:
    version "1.0.2"
    resolved "https://registry.yarnpkg.com/backo2/-/backo2-1.0.2.tgz#31ab1ac8b129363463e35b3ebb69f4dfcfba7947"
  
  balanced-match@^1.0.0:
    version "1.0.0"
    resolved "https://registry.yarnpkg.com/balanced-match/-/balanced-match-1.0.0.tgz#89b4d199ab2bee49de164ea02b89ce462d71b767"
  
  base64-js@^1.0.2:
    version "1.3.0"
    resolved "https://registry.yarnpkg.com/base64-js/-/base64-js-1.3.0.tgz#cab1e6118f051095e58b5281aea8c1cd22bfc0e3"
  
  base64url@2.0.0, base64url@^2.0.0:
    version "2.0.0"
    resolved "https://registry.yarnpkg.com/base64url/-/base64url-2.0.0.tgz#eac16e03ea1438eff9423d69baa36262ed1f70bb"
  
  bcrypt-pbkdf@^1.0.0:
    version "1.0.1"
    resolved "https://registry.yarnpkg.com/bcrypt-pbkdf/-/bcrypt-pbkdf-1.0.1.tgz#63bc5dcb61331b92bc05fd528953c33462a06f8d"
    dependencies:
      tweetnacl "^0.14.3"
  
  bcrypt@2.0.1:
    version "2.0.1"
    resolved "https://registry.yarnpkg.com/bcrypt/-/bcrypt-2.0.1.tgz#229c5afe09379789f918efe86e5e5b682e509f85"
    dependencies:
      nan "2.10.0"
      node-pre-gyp "0.9.1"
  
  bodybuilder@2.2.10:
    version "2.2.10"
    resolved "https://registry.yarnpkg.com/bodybuilder/-/bodybuilder-2.2.10.tgz#00b61cce09be519dd31ba180d336bc24d2291c78"
    dependencies:
      lodash "^4.9.0"
  
  boom@4.x.x:
    version "4.3.1"
    resolved "https://registry.yarnpkg.com/boom/-/boom-4.3.1.tgz#4f8a3005cb4a7e3889f749030fd25b96e01d2e31"
    dependencies:
      hoek "4.x.x"
  
  boom@5.x.x:
    version "5.2.0"
    resolved "https://registry.yarnpkg.com/boom/-/boom-5.2.0.tgz#5dd9da6ee3a5f302077436290cb717d3f4a54e02"
    dependencies:
      hoek "4.x.x"
  
  brace-expansion@^1.1.7:
    version "1.1.11"
    resolved "https://registry.yarnpkg.com/brace-expansion/-/brace-expansion-1.1.11.tgz#3c7fcbf529d87226f3d2f52b966ff5271eb441dd"
    dependencies:
      balanced-match "^1.0.0"
      concat-map "0.0.1"
  
  buffer-equal-constant-time@1.0.1:
    version "1.0.1"
    resolved "https://registry.yarnpkg.com/buffer-equal-constant-time/-/buffer-equal-constant-time-1.0.1.tgz#f8e71132f7ffe6e01a5c9697a4c6f3e48d5cc819"
  
  buffer-from@^1.0.0:
    version "1.0.0"
    resolved "https://registry.yarnpkg.com/buffer-from/-/buffer-from-1.0.0.tgz#4cb8832d23612589b0406e9e2956c17f06fdf531"
  
  buffer@4.9.1:
    version "4.9.1"
    resolved "https://registry.yarnpkg.com/buffer/-/buffer-4.9.1.tgz#6d1bb601b07a4efced97094132093027c95bc298"
    dependencies:
      base64-js "^1.0.2"
      ieee754 "^1.1.4"
      isarray "^1.0.0"
  
  builtin-modules@^1.1.1:
    version "1.1.1"
    resolved "https://registry.yarnpkg.com/builtin-modules/-/builtin-modules-1.1.1.tgz#270f076c5a72c02f5b65a47df94c5fe3a278892f"
  
  bunyan@1.8.12:
    version "1.8.12"
    resolved "https://registry.yarnpkg.com/bunyan/-/bunyan-1.8.12.tgz#f150f0f6748abdd72aeae84f04403be2ef113797"
    optionalDependencies:
      dtrace-provider "~0.8"
      moment "^2.10.6"
      mv "~2"
      safe-json-stringify "~1"
  
  bytes@3.0.0:
    version "3.0.0"
    resolved "https://registry.yarnpkg.com/bytes/-/bytes-3.0.0.tgz#d32815404d689699f85a4ea4fa8755dd13a96048"
  
  caseless@~0.12.0:
    version "0.12.0"
    resolved "https://registry.yarnpkg.com/caseless/-/caseless-0.12.0.tgz#1b681c21ff84033c826543090689420d187151dc"
  
  chalk@^1.0.0, chalk@^1.1.3:
    version "1.1.3"
    resolved "https://registry.yarnpkg.com/chalk/-/chalk-1.1.3.tgz#a8115c55e4a702fe4d150abd3872822a7e09fc98"
    dependencies:
      ansi-styles "^2.2.1"
      escape-string-regexp "^1.0.2"
      has-ansi "^2.0.0"
      strip-ansi "^3.0.0"
      supports-color "^2.0.0"
  
  chalk@^2.3.0:
    version "2.4.1"
    resolved "https://registry.yarnpkg.com/chalk/-/chalk-2.4.1.tgz#18c49ab16a037b6eb0152cc83e3471338215b66e"
    dependencies:
      ansi-styles "^3.2.1"
      escape-string-regexp "^1.0.5"
      supports-color "^5.3.0"
  
  chownr@^1.0.1:
    version "1.0.1"
    resolved "https://registry.yarnpkg.com/chownr/-/chownr-1.0.1.tgz#e2a75042a9551908bebd25b8523d5f9769d79181"
  
  co-body@^5.1.0:
    version "5.1.1"
    resolved "https://registry.yarnpkg.com/co-body/-/co-body-5.1.1.tgz#d97781d1e3344ba4a820fd1806bddf8341505236"
    dependencies:
      inflation "^2.0.0"
      qs "^6.4.0"
      raw-body "^2.2.0"
      type-is "^1.6.14"
  
  co@^4.6.0:
    version "4.6.0"
    resolved "https://registry.yarnpkg.com/co/-/co-4.6.0.tgz#6ea6bdf3d853ae54ccb8e47bfa0bf3f9031fb184"
  
  code-point-at@^1.0.0:
    version "1.1.0"
    resolved "https://registry.yarnpkg.com/code-point-at/-/code-point-at-1.1.0.tgz#0d070b4d043a5bea33a2f1a40e2edb3d9a4ccf77"
  
  color-convert@^1.9.0:
    version "1.9.1"
    resolved "https://registry.yarnpkg.com/color-convert/-/color-convert-1.9.1.tgz#c1261107aeb2f294ebffec9ed9ecad529a6097ed"
    dependencies:
      color-name "^1.1.1"
  
  color-name@^1.1.1:
    version "1.1.3"
    resolved "https://registry.yarnpkg.com/color-name/-/color-name-1.1.3.tgz#a7d0558bd89c42f795dd42328f740831ca53bc25"
  
  combined-stream@1.0.6, combined-stream@~1.0.5:
    version "1.0.6"
    resolved "https://registry.yarnpkg.com/combined-stream/-/combined-stream-1.0.6.tgz#723e7df6e801ac5613113a7e445a9b69cb632818"
    dependencies:
      delayed-stream "~1.0.0"
  
  commander@^2.12.1:
    version "2.15.1"
    resolved "https://registry.yarnpkg.com/commander/-/commander-2.15.1.tgz#df46e867d0fc2aec66a34662b406a9ccafff5b0f"
  
  concat-map@0.0.1:
    version "0.0.1"
    resolved "https://registry.yarnpkg.com/concat-map/-/concat-map-0.0.1.tgz#d8a96bd77fd68df7793a73036a3ba0d5405d477b"
  
  config@1.30.0:
    version "1.30.0"
    resolved "https://registry.yarnpkg.com/config/-/config-1.30.0.tgz#1d60a9f35348a13c175798d384e81a5a16c3ba6e"
    dependencies:
      json5 "0.4.0"
      os-homedir "1.0.2"
  
  console-control-strings@^1.0.0, console-control-strings@~1.1.0:
    version "1.1.0"
    resolved "https://registry.yarnpkg.com/console-control-strings/-/console-control-strings-1.1.0.tgz#3d7cf4464db6446ea644bf4b39507f9851008e8e"
  
  content-disposition@~0.5.0:
    version "0.5.2"
    resolved "https://registry.yarnpkg.com/content-disposition/-/content-disposition-0.5.2.tgz#0cf68bb9ddf5f2be7961c3a85178cb85dba78cb4"
  
  content-type@^1.0.0:
    version "1.0.4"
    resolved "https://registry.yarnpkg.com/content-type/-/content-type-1.0.4.tgz#e138cc75e040c727b1966fe5e5f8c9aee256fe3b"
  
  cookies@~0.7.0:
    version "0.7.1"
    resolved "https://registry.yarnpkg.com/cookies/-/cookies-0.7.1.tgz#7c8a615f5481c61ab9f16c833731bcb8f663b99b"
    dependencies:
      depd "~1.1.1"
      keygrip "~1.0.2"
  
  copy-to@^2.0.1:
    version "2.0.1"
    resolved "https://registry.yarnpkg.com/copy-to/-/copy-to-2.0.1.tgz#2680fbb8068a48d08656b6098092bdafc906f4a5"
  
  core-js@^2.5.3:
    version "2.5.5"
    resolved "https://registry.yarnpkg.com/core-js/-/core-js-2.5.5.tgz#b14dde936c640c0579a6b50cabcc132dd6127e3b"
  
  core-util-is@1.0.2, core-util-is@~1.0.0:
    version "1.0.2"
    resolved "https://registry.yarnpkg.com/core-util-is/-/core-util-is-1.0.2.tgz#b5fd54220aa2bc5ab57aab7140c940754503c1a7"
  
  cryptiles@3.x.x:
    version "3.1.2"
    resolved "https://registry.yarnpkg.com/cryptiles/-/cryptiles-3.1.2.tgz#a89fbb220f5ce25ec56e8c4aa8a4fd7b5b0d29fe"
    dependencies:
      boom "5.x.x"
  
  dashdash@^1.12.0:
    version "1.14.1"
    resolved "https://registry.yarnpkg.com/dashdash/-/dashdash-1.14.1.tgz#853cfa0f7cbe2fed5de20326b8dd581035f6e2f0"
    dependencies:
      assert-plus "^1.0.0"
  
  date-fns@1.29.0:
    version "1.29.0"
    resolved "https://registry.yarnpkg.com/date-fns/-/date-fns-1.29.0.tgz#12e609cdcb935127311d04d33334e2960a2a54e6"
  
  debug@*, debug@^3.1.0:
    version "3.1.0"
    resolved "https://registry.yarnpkg.com/debug/-/debug-3.1.0.tgz#5bb5a0672628b64149566ba16819e61518c67261"
    dependencies:
      ms "2.0.0"
  
  debug@^2.1.2:
    version "2.6.9"
    resolved "https://registry.yarnpkg.com/debug/-/debug-2.6.9.tgz#5d128515df134ff327e90a4c93f4e077a536341f"
    dependencies:
      ms "2.0.0"
  
  decimal.js@^10.0.0:
    version "10.0.0"
    resolved "https://registry.yarnpkg.com/decimal.js/-/decimal.js-10.0.0.tgz#f24855f7ee301d0dfaa458df0fdf4d5aaa182fdc"
  
  deep-equal@~1.0.1:
    version "1.0.1"
    resolved "https://registry.yarnpkg.com/deep-equal/-/deep-equal-1.0.1.tgz#f5d260292b660e084eff4cdbc9f08ad3247448b5"
  
  deep-extend@^0.5.1:
    version "0.5.1"
    resolved "https://registry.yarnpkg.com/deep-extend/-/deep-extend-0.5.1.tgz#b894a9dd90d3023fbf1c55a394fb858eb2066f1f"
  
  delayed-stream@~1.0.0:
    version "1.0.0"
    resolved "https://registry.yarnpkg.com/delayed-stream/-/delayed-stream-1.0.0.tgz#df3ae199acadfb7d440aaae0b29e2272b24ec619"
  
  delegates@^1.0.0:
    version "1.0.0"
    resolved "https://registry.yarnpkg.com/delegates/-/delegates-1.0.0.tgz#84c6e159b81904fdca59a0ef44cd870d31250f9a"
  
  depd@1.1.1:
    version "1.1.1"
    resolved "https://registry.yarnpkg.com/depd/-/depd-1.1.1.tgz#5783b4e1c459f06fa5ca27f991f3d06e7a310359"
  
  depd@^1.1.0, depd@~1.1.1, depd@~1.1.2:
    version "1.1.2"
    resolved "https://registry.yarnpkg.com/depd/-/depd-1.1.2.tgz#9bcd52e14c097763e749b274c4346ed2e560b5a9"
  
  deprecated-decorator@^0.1.6:
    version "0.1.6"
    resolved "https://registry.yarnpkg.com/deprecated-decorator/-/deprecated-decorator-0.1.6.tgz#00966317b7a12fe92f3cc831f7583af329b86c37"
  
  destroy@^1.0.3:
    version "1.0.4"
    resolved "https://registry.yarnpkg.com/destroy/-/destroy-1.0.4.tgz#978857442c44749e4206613e37946205826abd80"
  
  detect-libc@^1.0.2:
    version "1.0.3"
    resolved "https://registry.yarnpkg.com/detect-libc/-/detect-libc-1.0.3.tgz#fa137c4bd698edf55cd5cd02ac559f91a4c4ba9b"
  
  diff@^3.2.0:
    version "3.5.0"
    resolved "https://registry.yarnpkg.com/diff/-/diff-3.5.0.tgz#800c0dd1e0a8bfbc95835c202ad220fe317e5a12"
  
  dtrace-provider@~0.8:
    version "0.8.6"
    resolved "https://registry.yarnpkg.com/dtrace-provider/-/dtrace-provider-0.8.6.tgz#428a223afe03425d2cd6d6347fdf40c66903563d"
    dependencies:
      nan "^2.3.3"
  
  ecc-jsbn@~0.1.1:
    version "0.1.1"
    resolved "https://registry.yarnpkg.com/ecc-jsbn/-/ecc-jsbn-0.1.1.tgz#0fc73a9ed5f0d53c38193398523ef7e543777505"
    dependencies:
      jsbn "~0.1.0"
  
  ecdsa-sig-formatter@1.0.9:
    version "1.0.9"
    resolved "https://registry.yarnpkg.com/ecdsa-sig-formatter/-/ecdsa-sig-formatter-1.0.9.tgz#4bc926274ec3b5abb5016e7e1d60921ac262b2a1"
    dependencies:
      base64url "^2.0.0"
      safe-buffer "^5.0.1"
  
  ee-first@1.1.1:
    version "1.1.1"
    resolved "https://registry.yarnpkg.com/ee-first/-/ee-first-1.1.1.tgz#590c61156b0ae2f4f0255732a158b266bc56b21d"
  
  elasticdump@3.3.12:
    version "3.3.12"
    resolved "https://registry.yarnpkg.com/elasticdump/-/elasticdump-3.3.12.tgz#614a64c88d10e54e8594c316d22da4e07d4af8db"
    dependencies:
      JSONStream "^1.2.0"
      async "^2.0.1"
      aws-sdk "^2.36.0"
      aws4 "^1.4.1"
      decimal.js "^10.0.0"
      ini "^1.3.4"
      lodash "^4.17.5"
      lossless-json "^1.0.2"
      optimist latest
      request "2.x.x"
  
  elasticsearch@14.2.2:
    version "14.2.2"
    resolved "https://registry.yarnpkg.com/elasticsearch/-/elasticsearch-14.2.2.tgz#6bbb63b19b17fa97211b22eeacb0f91197f4d6b6"
    dependencies:
      agentkeepalive "^3.4.1"
      chalk "^1.0.0"
      lodash "2.4.2"
      lodash.get "^4.4.2"
      lodash.isempty "^4.4.0"
      lodash.trimend "^4.5.1"
  
  error-inject@~1.0.0:
    version "1.0.0"
    resolved "https://registry.yarnpkg.com/error-inject/-/error-inject-1.0.0.tgz#e2b3d91b54aed672f309d950d154850fa11d4f37"
  
  escape-html@~1.0.1:
    version "1.0.3"
    resolved "https://registry.yarnpkg.com/escape-html/-/escape-html-1.0.3.tgz#0258eae4d3d0c0974de1c169188ef0051d1d1988"
  
  escape-string-regexp@^1.0.2, escape-string-regexp@^1.0.5:
    version "1.0.5"
    resolved "https://registry.yarnpkg.com/escape-string-regexp/-/escape-string-regexp-1.0.5.tgz#1b61c0562190a8dff6ae3bb2cf0200ca130b86d4"
  
  esprima@^4.0.0:
    version "4.0.0"
    resolved "https://registry.yarnpkg.com/esprima/-/esprima-4.0.0.tgz#4499eddcd1110e0b218bacf2fa7f7f59f55ca804"
  
  esutils@^2.0.2:
    version "2.0.2"
    resolved "https://registry.yarnpkg.com/esutils/-/esutils-2.0.2.tgz#0abf4f1caa5bcb1f7a9d8acc6dea4faaa04bac9b"
  
  eventemitter3@^2.0.3:
    version "2.0.3"
    resolved "https://registry.yarnpkg.com/eventemitter3/-/eventemitter3-2.0.3.tgz#b5e1079b59fb5e1ba2771c0a993be060a58c99ba"
  
  events@1.1.1:
    version "1.1.1"
    resolved "https://registry.yarnpkg.com/events/-/events-1.1.1.tgz#9ebdb7635ad099c70dcc4c2a1f5004288e8bd924"
  
  extend@~3.0.1:
    version "3.0.1"
    resolved "https://registry.yarnpkg.com/extend/-/extend-3.0.1.tgz#a755ea7bc1adfcc5a31ce7e762dbaadc5e636444"
  
  extsprintf@1.3.0:
    version "1.3.0"
    resolved "https://registry.yarnpkg.com/extsprintf/-/extsprintf-1.3.0.tgz#96918440e3041a7a414f8c52e3c574eb3c3e1e05"
  
  extsprintf@^1.2.0:
    version "1.4.0"
    resolved "https://registry.yarnpkg.com/extsprintf/-/extsprintf-1.4.0.tgz#e2689f8f356fad62cca65a3a91c5df5f9551692f"
  
  fast-deep-equal@^1.0.0:
    version "1.1.0"
    resolved "https://registry.yarnpkg.com/fast-deep-equal/-/fast-deep-equal-1.1.0.tgz#c053477817c86b51daa853c81e059b733d023614"
  
  fast-json-stable-stringify@^2.0.0:
    version "2.0.0"
    resolved "https://registry.yarnpkg.com/fast-json-stable-stringify/-/fast-json-stable-stringify-2.0.0.tgz#d5142c0caee6b1189f87d3a76111064f86c8bbf2"
  
  forever-agent@~0.6.1:
    version "0.6.1"
    resolved "https://registry.yarnpkg.com/forever-agent/-/forever-agent-0.6.1.tgz#fbc71f0c41adeb37f96c577ad1ed42d8fdacca91"
  
  form-data@~2.3.1:
    version "2.3.2"
    resolved "https://registry.yarnpkg.com/form-data/-/form-data-2.3.2.tgz#4970498be604c20c005d4f5c23aecd21d6b49099"
    dependencies:
      asynckit "^0.4.0"
      combined-stream "1.0.6"
      mime-types "^2.1.12"
  
  fresh@^0.5.2:
    version "0.5.2"
    resolved "https://registry.yarnpkg.com/fresh/-/fresh-0.5.2.tgz#3d8cadd90d976569fa835ab1f8e4b23a105605a7"
  
  fs-minipass@^1.2.5:
    version "1.2.5"
    resolved "https://registry.yarnpkg.com/fs-minipass/-/fs-minipass-1.2.5.tgz#06c277218454ec288df77ada54a03b8702aacb9d"
    dependencies:
      minipass "^2.2.1"
  
  fs.realpath@^1.0.0:
    version "1.0.0"
    resolved "https://registry.yarnpkg.com/fs.realpath/-/fs.realpath-1.0.0.tgz#1504ad2523158caa40db4a2787cb01411994ea4f"
  
  gauge@~2.7.3:
    version "2.7.4"
    resolved "https://registry.yarnpkg.com/gauge/-/gauge-2.7.4.tgz#2c03405c7538c39d7eb37b317022e325fb018bf7"
    dependencies:
      aproba "^1.0.3"
      console-control-strings "^1.0.0"
      has-unicode "^2.0.0"
      object-assign "^4.1.0"
      signal-exit "^3.0.0"
      string-width "^1.0.1"
      strip-ansi "^3.0.1"
      wide-align "^1.1.0"
  
  getpass@^0.1.1:
    version "0.1.7"
    resolved "https://registry.yarnpkg.com/getpass/-/getpass-0.1.7.tgz#5eff8e3e684d569ae4cb2b1282604e8ba62149fa"
    dependencies:
      assert-plus "^1.0.0"
  
  glob@^6.0.1:
    version "6.0.4"
    resolved "https://registry.yarnpkg.com/glob/-/glob-6.0.4.tgz#0f08860f6a155127b2fadd4f9ce24b1aab6e4d22"
    dependencies:
      inflight "^1.0.4"
      inherits "2"
      minimatch "2 || 3"
      once "^1.3.0"
      path-is-absolute "^1.0.0"
  
  glob@^7.0.5, glob@^7.1.1:
    version "7.1.2"
    resolved "https://registry.yarnpkg.com/glob/-/glob-7.1.2.tgz#c19c9df9a028702d678612384a6552404c636d15"
    dependencies:
      fs.realpath "^1.0.0"
      inflight "^1.0.4"
      inherits "2"
      minimatch "^3.0.4"
      once "^1.3.0"
      path-is-absolute "^1.0.0"
  
  graphql-anywhere@^4.1.8:
    version "4.1.8"
    resolved "https://registry.yarnpkg.com/graphql-anywhere/-/graphql-anywhere-4.1.8.tgz#23882e6a16ec824febbe5bca40937cdd76c5acdc"
    dependencies:
      apollo-utilities "^1.0.11"
  
  graphql-extensions@^0.0.x, graphql-extensions@~0.0.9:
    version "0.0.10"
    resolved "https://registry.yarnpkg.com/graphql-extensions/-/graphql-extensions-0.0.10.tgz#34bdb2546d43f6a5bc89ab23c295ec0466c6843d"
    dependencies:
      core-js "^2.5.3"
      source-map-support "^0.5.1"
  
  graphql-iso-date@3.5.0:
    version "3.5.0"
    resolved "https://registry.yarnpkg.com/graphql-iso-date/-/graphql-iso-date-3.5.0.tgz#55a1be0efa8d28c1453afd2eb5ce1d052189a513"
  
  graphql-server-koa@1.3.6:
    version "1.3.6"
    resolved "https://registry.yarnpkg.com/graphql-server-koa/-/graphql-server-koa-1.3.6.tgz#6273bbafff7160b64025129d6265072940485adf"
    dependencies:
      apollo-server-koa "^1.3.6"
  
  graphql-tag@2.9.2:
    version "2.9.2"
    resolved "https://registry.yarnpkg.com/graphql-tag/-/graphql-tag-2.9.2.tgz#2f60a5a981375f430bf1e6e95992427dc18af686"
  
  graphql-tools@3.0.0:
    version "3.0.0"
    resolved "https://registry.yarnpkg.com/graphql-tools/-/graphql-tools-3.0.0.tgz#ff22ad15315fc268de8639d03936b911d78b9e9b"
    dependencies:
      apollo-link "1.2.1"
      apollo-utilities "^1.0.1"
      deprecated-decorator "^0.1.6"
      iterall "^1.1.3"
      uuid "^3.1.0"
  
  graphql@0.13.2:
    version "0.13.2"
    resolved "https://registry.yarnpkg.com/graphql/-/graphql-0.13.2.tgz#4c740ae3c222823e7004096f832e7b93b2108270"
    dependencies:
      iterall "^1.2.1"
  
  har-schema@^2.0.0:
    version "2.0.0"
    resolved "https://registry.yarnpkg.com/har-schema/-/har-schema-2.0.0.tgz#a94c2224ebcac04782a0d9035521f24735b7ec92"
  
  har-validator@~5.0.3:
    version "5.0.3"
    resolved "https://registry.yarnpkg.com/har-validator/-/har-validator-5.0.3.tgz#ba402c266194f15956ef15e0fcf242993f6a7dfd"
    dependencies:
      ajv "^5.1.0"
      har-schema "^2.0.0"
  
  has-ansi@^2.0.0:
    version "2.0.0"
    resolved "https://registry.yarnpkg.com/has-ansi/-/has-ansi-2.0.0.tgz#34f5049ce1ecdf2b0649af3ef24e45ed35416d91"
    dependencies:
      ansi-regex "^2.0.0"
  
  has-flag@^3.0.0:
    version "3.0.0"
    resolved "https://registry.yarnpkg.com/has-flag/-/has-flag-3.0.0.tgz#b5d454dc2199ae225699f3467e5a07f3b955bafd"
  
  has-unicode@^2.0.0:
    version "2.0.1"
    resolved "https://registry.yarnpkg.com/has-unicode/-/has-unicode-2.0.1.tgz#e0e6fe6a28cf51138855e086d1691e771de2a8b9"
  
  hawk@~6.0.2:
    version "6.0.2"
    resolved "https://registry.yarnpkg.com/hawk/-/hawk-6.0.2.tgz#af4d914eb065f9b5ce4d9d11c1cb2126eecc3038"
    dependencies:
      boom "4.x.x"
      cryptiles "3.x.x"
      hoek "4.x.x"
      sntp "2.x.x"
  
  hoek@4.x.x:
    version "4.2.1"
    resolved "https://registry.yarnpkg.com/hoek/-/hoek-4.2.1.tgz#9634502aa12c445dd5a7c5734b572bb8738aacbb"
  
  hoek@5.x.x:
    version "5.0.3"
    resolved "https://registry.yarnpkg.com/hoek/-/hoek-5.0.3.tgz#b71d40d943d0a95da01956b547f83c4a5b4a34ac"
  
  http-assert@^1.1.0:
    version "1.3.0"
    resolved "https://registry.yarnpkg.com/http-assert/-/http-assert-1.3.0.tgz#a31a5cf88c873ecbb5796907d4d6f132e8c01e4a"
    dependencies:
      deep-equal "~1.0.1"
      http-errors "~1.6.1"
  
  http-errors@1.6.2:
    version "1.6.2"
    resolved "https://registry.yarnpkg.com/http-errors/-/http-errors-1.6.2.tgz#0a002cc85707192a7e7946ceedc11155f60ec736"
    dependencies:
      depd "1.1.1"
      inherits "2.0.3"
      setprototypeof "1.0.3"
      statuses ">= 1.3.1 < 2"
  
  http-errors@^1.2.8, http-errors@^1.3.1, http-errors@~1.6.1:
    version "1.6.3"
    resolved "https://registry.yarnpkg.com/http-errors/-/http-errors-1.6.3.tgz#8b55680bb4be283a0b5bf4ea2e38580be1d9320d"
    dependencies:
      depd "~1.1.2"
      inherits "2.0.3"
      setprototypeof "1.1.0"
      statuses ">= 1.4.0 < 2"
  
  http-signature@~1.2.0:
    version "1.2.0"
    resolved "https://registry.yarnpkg.com/http-signature/-/http-signature-1.2.0.tgz#9aecd925114772f3d95b65a60abb8f7c18fbace1"
    dependencies:
      assert-plus "^1.0.0"
      jsprim "^1.2.2"
      sshpk "^1.7.0"
  
  humanize-ms@^1.2.1:
    version "1.2.1"
    resolved "https://registry.yarnpkg.com/humanize-ms/-/humanize-ms-1.2.1.tgz#c46e3159a293f6b896da29316d8b6fe8bb79bbed"
    dependencies:
      ms "^2.0.0"
  
  iconv-lite@0.4.19:
    version "0.4.19"
    resolved "https://registry.yarnpkg.com/iconv-lite/-/iconv-lite-0.4.19.tgz#f7468f60135f5e5dad3399c0a81be9a1603a082b"
  
  iconv-lite@^0.4.4:
    version "0.4.21"
    resolved "https://registry.yarnpkg.com/iconv-lite/-/iconv-lite-0.4.21.tgz#c47f8733d02171189ebc4a400f3218d348094798"
    dependencies:
      safer-buffer "^2.1.0"
  
  ieee754@1.1.8:
    version "1.1.8"
    resolved "https://registry.yarnpkg.com/ieee754/-/ieee754-1.1.8.tgz#be33d40ac10ef1926701f6f08a2d86fbfd1ad3e4"
  
  ieee754@^1.1.4:
    version "1.1.11"
    resolved "https://registry.yarnpkg.com/ieee754/-/ieee754-1.1.11.tgz#c16384ffe00f5b7835824e67b6f2bd44a5229455"
  
  ignore-walk@^3.0.1:
    version "3.0.1"
    resolved "https://registry.yarnpkg.com/ignore-walk/-/ignore-walk-3.0.1.tgz#a83e62e7d272ac0e3b551aaa82831a19b69f82f8"
    dependencies:
      minimatch "^3.0.4"
  
  immutable@3.8.2:
    version "3.8.2"
    resolved "https://registry.yarnpkg.com/immutable/-/immutable-3.8.2.tgz#c2439951455bb39913daf281376f1530e104adf3"
  
  inflation@^2.0.0:
    version "2.0.0"
    resolved "https://registry.yarnpkg.com/inflation/-/inflation-2.0.0.tgz#8b417e47c28f925a45133d914ca1fd389107f30f"
  
  inflight@^1.0.4:
    version "1.0.6"
    resolved "https://registry.yarnpkg.com/inflight/-/inflight-1.0.6.tgz#49bd6331d7d02d0c09bc910a1075ba8165b56df9"
    dependencies:
      once "^1.3.0"
      wrappy "1"
  
  inherits@2, inherits@2.0.3, inherits@~2.0.3:
    version "2.0.3"
    resolved "https://registry.yarnpkg.com/inherits/-/inherits-2.0.3.tgz#633c2c83e3da42a502f52466022480f4208261de"
  
  ini@^1.3.4, ini@~1.3.0:
    version "1.3.5"
    resolved "https://registry.yarnpkg.com/ini/-/ini-1.3.5.tgz#eee25f56db1c9ec6085e0c22778083f596abf927"
  
  is-fullwidth-code-point@^1.0.0:
    version "1.0.0"
    resolved "https://registry.yarnpkg.com/is-fullwidth-code-point/-/is-fullwidth-code-point-1.0.0.tgz#ef9e31386f031a7f0d643af82fde50c457ef00cb"
    dependencies:
      number-is-nan "^1.0.0"
  
  is-generator-function@^1.0.3:
    version "1.0.7"
    resolved "https://registry.yarnpkg.com/is-generator-function/-/is-generator-function-1.0.7.tgz#d2132e529bb0000a7f80794d4bdf5cd5e5813522"
  
  is-typedarray@~1.0.0:
    version "1.0.0"
    resolved "https://registry.yarnpkg.com/is-typedarray/-/is-typedarray-1.0.0.tgz#e479c80858df0c1b11ddda6940f96011fcda4a9a"
  
  isarray@0.0.1:
    version "0.0.1"
    resolved "https://registry.yarnpkg.com/isarray/-/isarray-0.0.1.tgz#8a18acfca9a8f4177e09abfc6038939b05d1eedf"
  
  isarray@^1.0.0, isarray@~1.0.0:
    version "1.0.0"
    resolved "https://registry.yarnpkg.com/isarray/-/isarray-1.0.0.tgz#bb935d48582cba168c06834957a54a3e07124f11"
  
  isemail@3.x.x:
    version "3.1.2"
    resolved "https://registry.yarnpkg.com/isemail/-/isemail-3.1.2.tgz#937cf919002077999a73ea8b1951d590e84e01dd"
    dependencies:
      punycode "2.x.x"
  
  isstream@~0.1.2:
    version "0.1.2"
    resolved "https://registry.yarnpkg.com/isstream/-/isstream-0.1.2.tgz#47e63f7af55afa6f92e1500e690eb8b8529c099a"
  
  iterall@^1.1.3, iterall@^1.2.1:
    version "1.2.2"
    resolved "https://registry.yarnpkg.com/iterall/-/iterall-1.2.2.tgz#92d70deb8028e0c39ff3164fdbf4d8b088130cd7"
  
  jmespath@0.15.0:
    version "0.15.0"
    resolved "https://registry.yarnpkg.com/jmespath/-/jmespath-0.15.0.tgz#a3f222a9aae9f966f5d27c796510e28091764217"
  
  joi@13.2.0:
    version "13.2.0"
    resolved "https://registry.yarnpkg.com/joi/-/joi-13.2.0.tgz#72307f1765bb40b068361f9368a4ba1092b8478e"
    dependencies:
      hoek "5.x.x"
      isemail "3.x.x"
      topo "3.x.x"
  
  js-tokens@^3.0.2:
    version "3.0.2"
    resolved "https://registry.yarnpkg.com/js-tokens/-/js-tokens-3.0.2.tgz#9866df395102130e38f7f996bceb65443209c25b"
  
  js-yaml@^3.7.0:
    version "3.11.0"
    resolved "https://registry.yarnpkg.com/js-yaml/-/js-yaml-3.11.0.tgz#597c1a8bd57152f26d622ce4117851a51f5ebaef"
    dependencies:
      argparse "^1.0.7"
      esprima "^4.0.0"
  
  jsbn@~0.1.0:
    version "0.1.1"
    resolved "https://registry.yarnpkg.com/jsbn/-/jsbn-0.1.1.tgz#a5e654c2e5a2deb5f201d96cefbca80c0ef2f513"
  
  json-schema-traverse@^0.3.0:
    version "0.3.1"
    resolved "https://registry.yarnpkg.com/json-schema-traverse/-/json-schema-traverse-0.3.1.tgz#349a6d44c53a51de89b40805c5d5e59b417d3340"
  
  json-schema@0.2.3:
    version "0.2.3"
    resolved "https://registry.yarnpkg.com/json-schema/-/json-schema-0.2.3.tgz#b480c892e59a2f05954ce727bd3f2a4e882f9e13"
  
  json-stringify-safe@~5.0.1:
    version "5.0.1"
    resolved "https://registry.yarnpkg.com/json-stringify-safe/-/json-stringify-safe-5.0.1.tgz#1296a2d58fd45f19a0f6ce01d65701e2c735b6eb"
  
  json5@0.4.0:
    version "0.4.0"
    resolved "https://registry.yarnpkg.com/json5/-/json5-0.4.0.tgz#054352e4c4c80c86c0923877d449de176a732c8d"
  
  jsonparse@^1.2.0:
    version "1.3.1"
    resolved "https://registry.yarnpkg.com/jsonparse/-/jsonparse-1.3.1.tgz#3f4dae4a91fac315f71062f8521cc239f1366280"
  
  jsonwebtoken@8.2.1:
    version "8.2.1"
    resolved "https://registry.yarnpkg.com/jsonwebtoken/-/jsonwebtoken-8.2.1.tgz#333ee39aa8f238f32fa41693e7a2fb7e42f82b31"
    dependencies:
      jws "^3.1.4"
      lodash.includes "^4.3.0"
      lodash.isboolean "^3.0.3"
      lodash.isinteger "^4.0.4"
      lodash.isnumber "^3.0.3"
      lodash.isplainobject "^4.0.6"
      lodash.isstring "^4.0.1"
      lodash.once "^4.0.0"
      ms "^2.1.1"
      xtend "^4.0.1"
  
  jsprim@^1.2.2:
    version "1.4.1"
    resolved "https://registry.yarnpkg.com/jsprim/-/jsprim-1.4.1.tgz#313e66bc1e5cc06e438bc1b7499c2e5c56acb6a2"
    dependencies:
      assert-plus "1.0.0"
      extsprintf "1.3.0"
      json-schema "0.2.3"
      verror "1.10.0"
  
  jwa@^1.1.4:
    version "1.1.5"
    resolved "https://registry.yarnpkg.com/jwa/-/jwa-1.1.5.tgz#a0552ce0220742cd52e153774a32905c30e756e5"
    dependencies:
      base64url "2.0.0"
      buffer-equal-constant-time "1.0.1"
      ecdsa-sig-formatter "1.0.9"
      safe-buffer "^5.0.1"
  
  jws@^3.1.4:
    version "3.1.4"
    resolved "https://registry.yarnpkg.com/jws/-/jws-3.1.4.tgz#f9e8b9338e8a847277d6444b1464f61880e050a2"
    dependencies:
      base64url "^2.0.0"
      jwa "^1.1.4"
      safe-buffer "^5.0.1"
  
  kcors@2.2.1:
    version "2.2.1"
    resolved "https://registry.yarnpkg.com/kcors/-/kcors-2.2.1.tgz#7160a94f2eae633436d2cef8eadd0ce232386779"
  
  keygrip@~1.0.2:
    version "1.0.2"
    resolved "https://registry.yarnpkg.com/keygrip/-/keygrip-1.0.2.tgz#ad3297c557069dea8bcfe7a4fa491b75c5ddeb91"
  
  koa-bodyparser@4.2.0:
    version "4.2.0"
    resolved "https://registry.yarnpkg.com/koa-bodyparser/-/koa-bodyparser-4.2.0.tgz#bce6e08bc65f8709b6d1faa9411c7f0d8938aa54"
    dependencies:
      co-body "^5.1.0"
      copy-to "^2.0.1"
  
  koa-compose@^3.0.0:
    version "3.2.1"
    resolved "https://registry.yarnpkg.com/koa-compose/-/koa-compose-3.2.1.tgz#a85ccb40b7d986d8e5a345b3a1ace8eabcf54de7"
    dependencies:
      any-promise "^1.1.0"
  
  koa-compose@^4.0.0:
    version "4.0.0"
    resolved "https://registry.yarnpkg.com/koa-compose/-/koa-compose-4.0.0.tgz#2800a513d9c361ef0d63852b038e4f6f2d5a773c"
  
  koa-convert@^1.2.0:
    version "1.2.0"
    resolved "https://registry.yarnpkg.com/koa-convert/-/koa-convert-1.2.0.tgz#da40875df49de0539098d1700b50820cebcd21d0"
    dependencies:
      co "^4.6.0"
      koa-compose "^3.0.0"
  
  koa-is-json@^1.0.0:
    version "1.0.0"
    resolved "https://registry.yarnpkg.com/koa-is-json/-/koa-is-json-1.0.0.tgz#273c07edcdcb8df6a2c1ab7d59ee76491451ec14"
  
  koa-router@7.4.0:
    version "7.4.0"
    resolved "https://registry.yarnpkg.com/koa-router/-/koa-router-7.4.0.tgz#aee1f7adc02d5cb31d7d67465c9eacc825e8c5e0"
    dependencies:
      debug "^3.1.0"
      http-errors "^1.3.1"
      koa-compose "^3.0.0"
      methods "^1.0.1"
      path-to-regexp "^1.1.1"
      urijs "^1.19.0"
  
  koa@2.5.1:
    version "2.5.1"
    resolved "https://registry.yarnpkg.com/koa/-/koa-2.5.1.tgz#79f8b95f8d72d04fe9a58a8da5ebd6d341103f9c"
    dependencies:
      accepts "^1.2.2"
      content-disposition "~0.5.0"
      content-type "^1.0.0"
      cookies "~0.7.0"
      debug "*"
      delegates "^1.0.0"
      depd "^1.1.0"
      destroy "^1.0.3"
      error-inject "~1.0.0"
      escape-html "~1.0.1"
      fresh "^0.5.2"
      http-assert "^1.1.0"
      http-errors "^1.2.8"
      is-generator-function "^1.0.3"
      koa-compose "^4.0.0"
      koa-convert "^1.2.0"
      koa-is-json "^1.0.0"
      mime-types "^2.0.7"
      on-finished "^2.1.0"
      only "0.0.2"
      parseurl "^1.3.0"
      statuses "^1.2.0"
      type-is "^1.5.5"
      vary "^1.0.0"
  
  lodash.assign@^4.2.0:
    version "4.2.0"
    resolved "https://registry.yarnpkg.com/lodash.assign/-/lodash.assign-4.2.0.tgz#0d99f3ccd7a6d261d19bdaeb9245005d285808e7"
  
  lodash.get@^4.4.2:
    version "4.4.2"
    resolved "https://registry.yarnpkg.com/lodash.get/-/lodash.get-4.4.2.tgz#2d177f652fa31e939b4438d5341499dfa3825e99"
  
  lodash.includes@^4.3.0:
    version "4.3.0"
    resolved "https://registry.yarnpkg.com/lodash.includes/-/lodash.includes-4.3.0.tgz#60bb98a87cb923c68ca1e51325483314849f553f"
  
  lodash.isboolean@^3.0.3:
    version "3.0.3"
    resolved "https://registry.yarnpkg.com/lodash.isboolean/-/lodash.isboolean-3.0.3.tgz#6c2e171db2a257cd96802fd43b01b20d5f5870f6"
  
  lodash.isempty@^4.4.0:
    version "4.4.0"
    resolved "https://registry.yarnpkg.com/lodash.isempty/-/lodash.isempty-4.4.0.tgz#6f86cbedd8be4ec987be9aaf33c9684db1b31e7e"
  
  lodash.isinteger@^4.0.4:
    version "4.0.4"
    resolved "https://registry.yarnpkg.com/lodash.isinteger/-/lodash.isinteger-4.0.4.tgz#619c0af3d03f8b04c31f5882840b77b11cd68343"
  
  lodash.isnumber@^3.0.3:
    version "3.0.3"
    resolved "https://registry.yarnpkg.com/lodash.isnumber/-/lodash.isnumber-3.0.3.tgz#3ce76810c5928d03352301ac287317f11c0b1ffc"
  
  lodash.isobject@^3.0.2:
    version "3.0.2"
    resolved "https://registry.yarnpkg.com/lodash.isobject/-/lodash.isobject-3.0.2.tgz#3c8fb8d5b5bf4bf90ae06e14f2a530a4ed935e1d"
  
  lodash.isplainobject@^4.0.6:
    version "4.0.6"
    resolved "https://registry.yarnpkg.com/lodash.isplainobject/-/lodash.isplainobject-4.0.6.tgz#7c526a52d89b45c45cc690b88163be0497f550cb"
  
  lodash.isstring@^4.0.1:
    version "4.0.1"
    resolved "https://registry.yarnpkg.com/lodash.isstring/-/lodash.isstring-4.0.1.tgz#d527dfb5456eca7cc9bb95d5daeaf88ba54a5451"
  
  lodash.once@^4.0.0:
    version "4.1.1"
    resolved "https://registry.yarnpkg.com/lodash.once/-/lodash.once-4.1.1.tgz#0dd3971213c7c56df880977d504c88fb471a97ac"
  
  lodash.trimend@^4.5.1:
    version "4.5.1"
    resolved "https://registry.yarnpkg.com/lodash.trimend/-/lodash.trimend-4.5.1.tgz#12804437286b98cad8996b79414e11300114082f"
  
  lodash@2.4.2:
    version "2.4.2"
    resolved "https://registry.yarnpkg.com/lodash/-/lodash-2.4.2.tgz#fadd834b9683073da179b3eae6d9c0d15053f73e"
  
  lodash@^4.0.0, lodash@^4.14.0, lodash@^4.17.5, lodash@^4.9.0:
    version "4.17.10"
    resolved "https://registry.yarnpkg.com/lodash/-/lodash-4.17.10.tgz#1b7793cf7259ea38fb3661d4d38b3260af8ae4e7"
  
  lossless-json@^1.0.2:
    version "1.0.2"
    resolved "https://registry.yarnpkg.com/lossless-json/-/lossless-json-1.0.2.tgz#cf95f212228e654cfd269585cf70fa43b5ada402"
  
  media-typer@0.3.0:
    version "0.3.0"
    resolved "https://registry.yarnpkg.com/media-typer/-/media-typer-0.3.0.tgz#8710d7af0aa626f8fffa1ce00168545263255748"
  
  methods@^1.0.1:
    version "1.1.2"
    resolved "https://registry.yarnpkg.com/methods/-/methods-1.1.2.tgz#5529a4d67654134edcc5266656835b0f851afcee"
  
  mime-db@~1.33.0:
    version "1.33.0"
    resolved "https://registry.yarnpkg.com/mime-db/-/mime-db-1.33.0.tgz#a3492050a5cb9b63450541e39d9788d2272783db"
  
  mime-types@^2.0.7, mime-types@^2.1.12, mime-types@~2.1.17, mime-types@~2.1.18:
    version "2.1.18"
    resolved "https://registry.yarnpkg.com/mime-types/-/mime-types-2.1.18.tgz#6f323f60a83d11146f831ff11fd66e2fe5503bb8"
    dependencies:
      mime-db "~1.33.0"
  
  "minimatch@2 || 3", minimatch@^3.0.4:
    version "3.0.4"
    resolved "https://registry.yarnpkg.com/minimatch/-/minimatch-3.0.4.tgz#5166e286457f03306064be5497e8dbb0c3d32083"
    dependencies:
      brace-expansion "^1.1.7"
  
  minimist@0.0.8:
    version "0.0.8"
    resolved "https://registry.yarnpkg.com/minimist/-/minimist-0.0.8.tgz#857fcabfc3397d2625b8228262e86aa7a011b05d"
  
  minimist@^1.2.0:
    version "1.2.0"
    resolved "https://registry.yarnpkg.com/minimist/-/minimist-1.2.0.tgz#a35008b20f41383eec1fb914f4cd5df79a264284"
  
  minimist@~0.0.1:
    version "0.0.10"
    resolved "https://registry.yarnpkg.com/minimist/-/minimist-0.0.10.tgz#de3f98543dbf96082be48ad1a0c7cda836301dcf"
  
  minipass@^2.2.1, minipass@^2.2.4:
    version "2.2.4"
    resolved "https://registry.yarnpkg.com/minipass/-/minipass-2.2.4.tgz#03c824d84551ec38a8d1bb5bc350a5a30a354a40"
    dependencies:
      safe-buffer "^5.1.1"
      yallist "^3.0.0"
  
  minizlib@^1.1.0:
    version "1.1.0"
    resolved "https://registry.yarnpkg.com/minizlib/-/minizlib-1.1.0.tgz#11e13658ce46bc3a70a267aac58359d1e0c29ceb"
    dependencies:
      minipass "^2.2.1"
  
  mkdirp@^0.5.0, mkdirp@^0.5.1, mkdirp@~0.5.1:
    version "0.5.1"
    resolved "https://registry.yarnpkg.com/mkdirp/-/mkdirp-0.5.1.tgz#30057438eac6cf7f8c4767f38648d6697d75c903"
    dependencies:
      minimist "0.0.8"
  
  moment@^2.10.6:
    version "2.22.1"
    resolved "https://registry.yarnpkg.com/moment/-/moment-2.22.1.tgz#529a2e9bf973f259c9643d237fda84de3a26e8ad"
  
  ms@2.0.0:
    version "2.0.0"
    resolved "https://registry.yarnpkg.com/ms/-/ms-2.0.0.tgz#5608aeadfc00be6c2901df5f9861788de0d597c8"
  
  ms@^2.0.0, ms@^2.1.1:
    version "2.1.1"
    resolved "https://registry.yarnpkg.com/ms/-/ms-2.1.1.tgz#30a5864eb3ebb0a66f2ebe6d727af06a09d86e0a"
  
  mv@~2:
    version "2.1.1"
    resolved "https://registry.yarnpkg.com/mv/-/mv-2.1.1.tgz#ae6ce0d6f6d5e0a4f7d893798d03c1ea9559b6a2"
    dependencies:
      mkdirp "~0.5.1"
      ncp "~2.0.0"
      rimraf "~2.4.0"
  
  nan@2.10.0, nan@^2.3.3:
    version "2.10.0"
    resolved "https://registry.yarnpkg.com/nan/-/nan-2.10.0.tgz#96d0cd610ebd58d4b4de9cc0c6828cda99c7548f"
  
  ncp@~2.0.0:
    version "2.0.0"
    resolved "https://registry.yarnpkg.com/ncp/-/ncp-2.0.0.tgz#195a21d6c46e361d2fb1281ba38b91e9df7bdbb3"
  
  needle@^2.2.0:
    version "2.2.1"
    resolved "https://registry.yarnpkg.com/needle/-/needle-2.2.1.tgz#b5e325bd3aae8c2678902fa296f729455d1d3a7d"
    dependencies:
      debug "^2.1.2"
      iconv-lite "^0.4.4"
      sax "^1.2.4"
  
  negotiator@0.6.1:
    version "0.6.1"
    resolved "https://registry.yarnpkg.com/negotiator/-/negotiator-0.6.1.tgz#2b327184e8992101177b28563fb5e7102acd0ca9"
  
  node-pre-gyp@0.9.1:
    version "0.9.1"
    resolved "https://registry.yarnpkg.com/node-pre-gyp/-/node-pre-gyp-0.9.1.tgz#f11c07516dd92f87199dbc7e1838eab7cd56c9e0"
    dependencies:
      detect-libc "^1.0.2"
      mkdirp "^0.5.1"
      needle "^2.2.0"
      nopt "^4.0.1"
      npm-packlist "^1.1.6"
      npmlog "^4.0.2"
      rc "^1.1.7"
      rimraf "^2.6.1"
      semver "^5.3.0"
      tar "^4"
  
  nopt@^4.0.1:
    version "4.0.1"
    resolved "https://registry.yarnpkg.com/nopt/-/nopt-4.0.1.tgz#d0d4685afd5415193c8c7505602d0d17cd64474d"
    dependencies:
      abbrev "1"
      osenv "^0.1.4"
  
  npm-bundled@^1.0.1:
    version "1.0.3"
    resolved "https://registry.yarnpkg.com/npm-bundled/-/npm-bundled-1.0.3.tgz#7e71703d973af3370a9591bafe3a63aca0be2308"
  
  npm-packlist@^1.1.6:
    version "1.1.10"
    resolved "https://registry.yarnpkg.com/npm-packlist/-/npm-packlist-1.1.10.tgz#1039db9e985727e464df066f4cf0ab6ef85c398a"
    dependencies:
      ignore-walk "^3.0.1"
      npm-bundled "^1.0.1"
  
  npmlog@^4.0.2:
    version "4.1.2"
    resolved "https://registry.yarnpkg.com/npmlog/-/npmlog-4.1.2.tgz#08a7f2a8bf734604779a9efa4ad5cc717abb954b"
    dependencies:
      are-we-there-yet "~1.1.2"
      console-control-strings "~1.1.0"
      gauge "~2.7.3"
      set-blocking "~2.0.0"
  
  number-is-nan@^1.0.0:
    version "1.0.1"
    resolved "https://registry.yarnpkg.com/number-is-nan/-/number-is-nan-1.0.1.tgz#097b602b53422a522c1afb8790318336941a011d"
  
  oauth-sign@~0.8.2:
    version "0.8.2"
    resolved "https://registry.yarnpkg.com/oauth-sign/-/oauth-sign-0.8.2.tgz#46a6ab7f0aead8deae9ec0565780b7d4efeb9d43"
  
  object-assign@^4.1.0:
    version "4.1.1"
    resolved "https://registry.yarnpkg.com/object-assign/-/object-assign-4.1.1.tgz#2109adc7965887cfc05cbbd442cac8bfbb360863"
  
  on-finished@^2.1.0:
    version "2.3.0"
    resolved "https://registry.yarnpkg.com/on-finished/-/on-finished-2.3.0.tgz#20f1336481b083cd75337992a16971aa2d906947"
    dependencies:
      ee-first "1.1.1"
  
  once@^1.3.0:
    version "1.4.0"
    resolved "https://registry.yarnpkg.com/once/-/once-1.4.0.tgz#583b1aa775961d4b113ac17d9c50baef9dd76bd1"
    dependencies:
      wrappy "1"
  
  only@0.0.2:
    version "0.0.2"
    resolved "https://registry.yarnpkg.com/only/-/only-0.0.2.tgz#2afde84d03e50b9a8edc444e30610a70295edfb4"
  
  optimist@latest:
    version "0.6.1"
    resolved "https://registry.yarnpkg.com/optimist/-/optimist-0.6.1.tgz#da3ea74686fa21a19a111c326e90eb15a0196686"
    dependencies:
      minimist "~0.0.1"
      wordwrap "~0.0.2"
  
  os-homedir@1.0.2, os-homedir@^1.0.0:
    version "1.0.2"
    resolved "https://registry.yarnpkg.com/os-homedir/-/os-homedir-1.0.2.tgz#ffbc4988336e0e833de0c168c7ef152121aa7fb3"
  
  os-tmpdir@^1.0.0:
    version "1.0.2"
    resolved "https://registry.yarnpkg.com/os-tmpdir/-/os-tmpdir-1.0.2.tgz#bbe67406c79aa85c5cfec766fe5734555dfa1274"
  
  osenv@^0.1.4:
    version "0.1.5"
    resolved "https://registry.yarnpkg.com/osenv/-/osenv-0.1.5.tgz#85cdfafaeb28e8677f416e287592b5f3f49ea410"
    dependencies:
      os-homedir "^1.0.0"
      os-tmpdir "^1.0.0"
  
  parseurl@^1.3.0:
    version "1.3.2"
    resolved "https://registry.yarnpkg.com/parseurl/-/parseurl-1.3.2.tgz#fc289d4ed8993119460c156253262cdc8de65bf3"
  
  path-is-absolute@^1.0.0:
    version "1.0.1"
    resolved "https://registry.yarnpkg.com/path-is-absolute/-/path-is-absolute-1.0.1.tgz#174b9268735534ffbc7ace6bf53a5a9e1b5c5f5f"
  
  path-parse@^1.0.5:
    version "1.0.5"
    resolved "https://registry.yarnpkg.com/path-parse/-/path-parse-1.0.5.tgz#3c1adf871ea9cd6c9431b6ea2bd74a0ff055c4c1"
  
  path-to-regexp@^1.1.1:
    version "1.7.0"
    resolved "https://registry.yarnpkg.com/path-to-regexp/-/path-to-regexp-1.7.0.tgz#59fde0f435badacba103a84e9d3bc64e96b9937d"
    dependencies:
      isarray "0.0.1"
  
  performance-now@^2.1.0:
    version "2.1.0"
    resolved "https://registry.yarnpkg.com/performance-now/-/performance-now-2.1.0.tgz#6309f4e0e5fa913ec1c69307ae364b4b377c9e7b"
  
  process-nextick-args@~2.0.0:
    version "2.0.0"
    resolved "https://registry.yarnpkg.com/process-nextick-args/-/process-nextick-args-2.0.0.tgz#a37d732f4271b4ab1ad070d35508e8290788ffaa"
  
  punycode@1.3.2:
    version "1.3.2"
    resolved "https://registry.yarnpkg.com/punycode/-/punycode-1.3.2.tgz#9653a036fb7c1ee42342f2325cceefea3926c48d"
  
  punycode@2.x.x:
    version "2.1.0"
    resolved "https://registry.yarnpkg.com/punycode/-/punycode-2.1.0.tgz#5f863edc89b96db09074bad7947bf09056ca4e7d"
  
  punycode@^1.4.1:
    version "1.4.1"
    resolved "https://registry.yarnpkg.com/punycode/-/punycode-1.4.1.tgz#c0d5a63b2718800ad8e1eb0fa5269c84dd41845e"
  
  qs@^6.4.0, qs@~6.5.1:
    version "6.5.1"
    resolved "https://registry.yarnpkg.com/qs/-/qs-6.5.1.tgz#349cdf6eef89ec45c12d7d5eb3fc0c870343a6d8"
  
  querystring@0.2.0:
    version "0.2.0"
    resolved "https://registry.yarnpkg.com/querystring/-/querystring-0.2.0.tgz#b209849203bb25df820da756e747005878521620"
  
  raw-body@^2.2.0:
    version "2.3.2"
    resolved "https://registry.yarnpkg.com/raw-body/-/raw-body-2.3.2.tgz#bcd60c77d3eb93cde0050295c3f379389bc88f89"
    dependencies:
      bytes "3.0.0"
      http-errors "1.6.2"
      iconv-lite "0.4.19"
      unpipe "1.0.0"
  
  rc@^1.1.7:
    version "1.2.7"
    resolved "https://registry.yarnpkg.com/rc/-/rc-1.2.7.tgz#8a10ca30d588d00464360372b890d06dacd02297"
    dependencies:
      deep-extend "^0.5.1"
      ini "~1.3.0"
      minimist "^1.2.0"
      strip-json-comments "~2.0.1"
  
  readable-stream@^2.0.6:
    version "2.3.6"
    resolved "https://registry.yarnpkg.com/readable-stream/-/readable-stream-2.3.6.tgz#b11c27d88b8ff1fbe070643cf94b0c79ae1b0aaf"
    dependencies:
      core-util-is "~1.0.0"
      inherits "~2.0.3"
      isarray "~1.0.0"
      process-nextick-args "~2.0.0"
      safe-buffer "~5.1.1"
      string_decoder "~1.1.1"
      util-deprecate "~1.0.1"
  
  repl.history@0.1.4:
    version "0.1.4"
    resolved "https://registry.yarnpkg.com/repl.history/-/repl.history-0.1.4.tgz#80367171f3781d6e4299c71758c253097f5d5832"
  
  request@2.x.x:
    version "2.85.0"
    resolved "https://registry.yarnpkg.com/request/-/request-2.85.0.tgz#5a03615a47c61420b3eb99b7dba204f83603e1fa"
    dependencies:
      aws-sign2 "~0.7.0"
      aws4 "^1.6.0"
      caseless "~0.12.0"
      combined-stream "~1.0.5"
      extend "~3.0.1"
      forever-agent "~0.6.1"
      form-data "~2.3.1"
      har-validator "~5.0.3"
      hawk "~6.0.2"
      http-signature "~1.2.0"
      is-typedarray "~1.0.0"
      isstream "~0.1.2"
      json-stringify-safe "~5.0.1"
      mime-types "~2.1.17"
      oauth-sign "~0.8.2"
      performance-now "^2.1.0"
      qs "~6.5.1"
      safe-buffer "^5.1.1"
      stringstream "~0.0.5"
      tough-cookie "~2.3.3"
      tunnel-agent "^0.6.0"
      uuid "^3.1.0"
  
  resolve@^1.3.2:
    version "1.7.1"
    resolved "https://registry.yarnpkg.com/resolve/-/resolve-1.7.1.tgz#aadd656374fd298aee895bc026b8297418677fd3"
    dependencies:
      path-parse "^1.0.5"
  
  rimraf@^2.6.1:
    version "2.6.2"
    resolved "https://registry.yarnpkg.com/rimraf/-/rimraf-2.6.2.tgz#2ed8150d24a16ea8651e6d6ef0f47c4158ce7a36"
    dependencies:
      glob "^7.0.5"
  
  rimraf@~2.4.0:
    version "2.4.5"
    resolved "https://registry.yarnpkg.com/rimraf/-/rimraf-2.4.5.tgz#ee710ce5d93a8fdb856fb5ea8ff0e2d75934b2da"
    dependencies:
      glob "^6.0.1"
  
  safe-buffer@^5.0.1, safe-buffer@^5.1.1, safe-buffer@^5.1.2, safe-buffer@~5.1.0, safe-buffer@~5.1.1:
    version "5.1.2"
    resolved "https://registry.yarnpkg.com/safe-buffer/-/safe-buffer-5.1.2.tgz#991ec69d296e0313747d59bdfd2b745c35f8828d"
  
  safe-json-stringify@~1:
    version "1.1.0"
    resolved "https://registry.yarnpkg.com/safe-json-stringify/-/safe-json-stringify-1.1.0.tgz#bd2b6dad1ebafab3c24672a395527f01804b7e19"
  
  safer-buffer@^2.1.0:
    version "2.1.2"
    resolved "https://registry.yarnpkg.com/safer-buffer/-/safer-buffer-2.1.2.tgz#44fa161b0187b9549dd84bb91802f9bd8385cd6a"
  
  sax@1.2.1:
    version "1.2.1"
    resolved "https://registry.yarnpkg.com/sax/-/sax-1.2.1.tgz#7b8e656190b228e81a66aea748480d828cd2d37a"
  
  sax@>=0.6.0, sax@^1.2.4:
    version "1.2.4"
    resolved "https://registry.yarnpkg.com/sax/-/sax-1.2.4.tgz#2816234e2378bddc4e5354fab5caa895df7100d9"
  
  semver@^5.3.0, semver@^5.5.0:
    version "5.5.0"
    resolved "https://registry.yarnpkg.com/semver/-/semver-5.5.0.tgz#dc4bbc7a6ca9d916dee5d43516f0092b58f7b8ab"
  
  set-blocking@~2.0.0:
    version "2.0.0"
    resolved "https://registry.yarnpkg.com/set-blocking/-/set-blocking-2.0.0.tgz#045f9782d011ae9a6803ddd382b24392b3d890f7"
  
  setprototypeof@1.0.3:
    version "1.0.3"
    resolved "https://registry.yarnpkg.com/setprototypeof/-/setprototypeof-1.0.3.tgz#66567e37043eeb4f04d91bd658c0cbefb55b8e04"
  
  setprototypeof@1.1.0:
    version "1.1.0"
    resolved "https://registry.yarnpkg.com/setprototypeof/-/setprototypeof-1.1.0.tgz#d0bd85536887b6fe7c0d818cb962d9d91c54e656"
  
  signal-exit@^3.0.0:
    version "3.0.2"
    resolved "https://registry.yarnpkg.com/signal-exit/-/signal-exit-3.0.2.tgz#b5fdc08f1287ea1178628e415e25132b73646c6d"
  
  sntp@2.x.x:
    version "2.1.0"
    resolved "https://registry.yarnpkg.com/sntp/-/sntp-2.1.0.tgz#2c6cec14fedc2222739caf9b5c3d85d1cc5a2cc8"
    dependencies:
      hoek "4.x.x"
  
  source-map-support@^0.5.1:
    version "0.5.5"
    resolved "https://registry.yarnpkg.com/source-map-support/-/source-map-support-0.5.5.tgz#0d4af9e00493e855402e8ec36ebed2d266fceb90"
    dependencies:
      buffer-from "^1.0.0"
      source-map "^0.6.0"
  
  source-map@^0.6.0:
    version "0.6.1"
    resolved "https://registry.yarnpkg.com/source-map/-/source-map-0.6.1.tgz#74722af32e9614e9c287a8d0bbde48b5e2f1a263"
  
  sprintf-js@~1.0.2:
    version "1.0.3"
    resolved "https://registry.yarnpkg.com/sprintf-js/-/sprintf-js-1.0.3.tgz#04e6926f662895354f3dd015203633b857297e2c"
  
  sshpk@^1.7.0:
    version "1.14.1"
    resolved "https://registry.yarnpkg.com/sshpk/-/sshpk-1.14.1.tgz#130f5975eddad963f1d56f92b9ac6c51fa9f83eb"
    dependencies:
      asn1 "~0.2.3"
      assert-plus "^1.0.0"
      dashdash "^1.12.0"
      getpass "^0.1.1"
    optionalDependencies:
      bcrypt-pbkdf "^1.0.0"
      ecc-jsbn "~0.1.1"
      jsbn "~0.1.0"
      tweetnacl "~0.14.0"
  
  "statuses@>= 1.3.1 < 2", "statuses@>= 1.4.0 < 2", statuses@^1.2.0:
    version "1.5.0"
    resolved "https://registry.yarnpkg.com/statuses/-/statuses-1.5.0.tgz#161c7dac177659fd9811f43771fa99381478628c"
  
  string-width@^1.0.1, string-width@^1.0.2:
    version "1.0.2"
    resolved "https://registry.yarnpkg.com/string-width/-/string-width-1.0.2.tgz#118bdf5b8cdc51a2a7e70d211e07e2b0b9b107d3"
    dependencies:
      code-point-at "^1.0.0"
      is-fullwidth-code-point "^1.0.0"
      strip-ansi "^3.0.0"
  
  string_decoder@~1.1.1:
    version "1.1.1"
    resolved "https://registry.yarnpkg.com/string_decoder/-/string_decoder-1.1.1.tgz#9cf1611ba62685d7030ae9e4ba34149c3af03fc8"
    dependencies:
      safe-buffer "~5.1.0"
  
  stringstream@~0.0.5:
    version "0.0.5"
    resolved "https://registry.yarnpkg.com/stringstream/-/stringstream-0.0.5.tgz#4e484cd4de5a0bbbee18e46307710a8a81621878"
  
  strip-ansi@^3.0.0, strip-ansi@^3.0.1:
    version "3.0.1"
    resolved "https://registry.yarnpkg.com/strip-ansi/-/strip-ansi-3.0.1.tgz#6a385fb8853d952d5ff05d0e8aaf94278dc63dcf"
    dependencies:
      ansi-regex "^2.0.0"
  
  strip-json-comments@~2.0.1:
    version "2.0.1"
    resolved "https://registry.yarnpkg.com/strip-json-comments/-/strip-json-comments-2.0.1.tgz#3c531942e908c2697c0ec344858c286c7ca0a60a"
  
  subscriptions-transport-ws@0.9.8:
    version "0.9.8"
    resolved "https://registry.yarnpkg.com/subscriptions-transport-ws/-/subscriptions-transport-ws-0.9.8.tgz#3a26ab96e06f78cf4ace8d083f6227fa55970947"
    dependencies:
      backo2 "^1.0.2"
      eventemitter3 "^2.0.3"
      iterall "^1.2.1"
      lodash.assign "^4.2.0"
      lodash.isobject "^3.0.2"
      lodash.isstring "^4.0.1"
      symbol-observable "^1.0.4"
      ws "^3.0.0"
  
  supports-color@^2.0.0:
    version "2.0.0"
    resolved "https://registry.yarnpkg.com/supports-color/-/supports-color-2.0.0.tgz#535d045ce6b6363fa40117084629995e9df324c7"
  
  supports-color@^5.3.0:
    version "5.4.0"
    resolved "https://registry.yarnpkg.com/supports-color/-/supports-color-5.4.0.tgz#1c6b337402c2137605efe19f10fec390f6faab54"
    dependencies:
      has-flag "^3.0.0"
  
  symbol-observable@^1.0.2, symbol-observable@^1.0.4:
    version "1.2.0"
    resolved "https://registry.yarnpkg.com/symbol-observable/-/symbol-observable-1.2.0.tgz#c22688aed4eab3cdc2dfeacbb561660560a00804"
  
  tar@^4:
    version "4.4.2"
    resolved "https://registry.yarnpkg.com/tar/-/tar-4.4.2.tgz#60685211ba46b38847b1ae7ee1a24d744a2cd462"
    dependencies:
      chownr "^1.0.1"
      fs-minipass "^1.2.5"
      minipass "^2.2.4"
      minizlib "^1.1.0"
      mkdirp "^0.5.0"
      safe-buffer "^5.1.2"
      yallist "^3.0.2"
  
  "through@>=2.2.7 <3":
    version "2.3.8"
    resolved "https://registry.yarnpkg.com/through/-/through-2.3.8.tgz#0dd4c9ffaabc357960b1b724115d7e0e86a2e1f5"
  
  topo@3.x.x:
    version "3.0.0"
    resolved "https://registry.yarnpkg.com/topo/-/topo-3.0.0.tgz#37e48c330efeac784538e0acd3e62ca5e231fe7a"
    dependencies:
      hoek "5.x.x"
  
  tough-cookie@~2.3.3:
    version "2.3.4"
    resolved "https://registry.yarnpkg.com/tough-cookie/-/tough-cookie-2.3.4.tgz#ec60cee38ac675063ffc97a5c18970578ee83655"
    dependencies:
      punycode "^1.4.1"
  
  tslib@^1.8.0, tslib@^1.8.1:
    version "1.9.0"
    resolved "https://registry.yarnpkg.com/tslib/-/tslib-1.9.0.tgz#e37a86fda8cbbaf23a057f473c9f4dc64e5fc2e8"
  
  tslint@5.9.1:
    version "5.9.1"
    resolved "https://registry.yarnpkg.com/tslint/-/tslint-5.9.1.tgz#1255f87a3ff57eb0b0e1f0e610a8b4748046c9ae"
    dependencies:
      babel-code-frame "^6.22.0"
      builtin-modules "^1.1.1"
      chalk "^2.3.0"
      commander "^2.12.1"
      diff "^3.2.0"
      glob "^7.1.1"
      js-yaml "^3.7.0"
      minimatch "^3.0.4"
      resolve "^1.3.2"
      semver "^5.3.0"
      tslib "^1.8.0"
      tsutils "^2.12.1"
  
  tsutils@^2.12.1:
    version "2.26.2"
    resolved "https://registry.yarnpkg.com/tsutils/-/tsutils-2.26.2.tgz#a9f9f63434a456a5e0c95a45d9a59181cb32d3bf"
    dependencies:
      tslib "^1.8.1"
  
  tunnel-agent@^0.6.0:
    version "0.6.0"
    resolved "https://registry.yarnpkg.com/tunnel-agent/-/tunnel-agent-0.6.0.tgz#27a5dea06b36b04a0a9966774b290868f0fc40fd"
    dependencies:
      safe-buffer "^5.0.1"
  
  tweetnacl@^0.14.3, tweetnacl@~0.14.0:
    version "0.14.5"
    resolved "https://registry.yarnpkg.com/tweetnacl/-/tweetnacl-0.14.5.tgz#5ae68177f192d4456269d108afa93ff8743f4f64"
  
  type-is@^1.5.5, type-is@^1.6.14:
    version "1.6.16"
    resolved "https://registry.yarnpkg.com/type-is/-/type-is-1.6.16.tgz#f89ce341541c672b25ee7ae3c73dee3b2be50194"
    dependencies:
      media-typer "0.3.0"
      mime-types "~2.1.18"
  
  typescript@2.8.3:
    version "2.8.3"
    resolved "https://registry.yarnpkg.com/typescript/-/typescript-2.8.3.tgz#5d817f9b6f31bb871835f4edf0089f21abe6c170"
  
  ultron@~1.1.0:
    version "1.1.1"
    resolved "https://registry.yarnpkg.com/ultron/-/ultron-1.1.1.tgz#9fe1536a10a664a65266a1e3ccf85fd36302bc9c"
  
  unpipe@1.0.0:
    version "1.0.0"
    resolved "https://registry.yarnpkg.com/unpipe/-/unpipe-1.0.0.tgz#b2bf4ee8514aae6165b4817829d21b2ef49904ec"
  
  urijs@^1.19.0:
    version "1.19.1"
    resolved "https://registry.yarnpkg.com/urijs/-/urijs-1.19.1.tgz#5b0ff530c0cbde8386f6342235ba5ca6e995d25a"
  
  url@0.10.3:
    version "0.10.3"
    resolved "https://registry.yarnpkg.com/url/-/url-0.10.3.tgz#021e4d9c7705f21bbf37d03ceb58767402774c64"
    dependencies:
      punycode "1.3.2"
      querystring "0.2.0"
  
  util-deprecate@~1.0.1:
    version "1.0.2"
    resolved "https://registry.yarnpkg.com/util-deprecate/-/util-deprecate-1.0.2.tgz#450d4dc9fa70de732762fbd2d4a28981419a0ccf"
  
  uuid@3.1.0:
    version "3.1.0"
    resolved "https://registry.yarnpkg.com/uuid/-/uuid-3.1.0.tgz#3dd3d3e790abc24d7b0d3a034ffababe28ebbc04"
  
  uuid@^3.1.0:
    version "3.2.1"
    resolved "https://registry.yarnpkg.com/uuid/-/uuid-3.2.1.tgz#12c528bb9d58d0b9265d9a2f6f0fe8be17ff1f14"
  
  vary@^1.0.0:
    version "1.1.2"
    resolved "https://registry.yarnpkg.com/vary/-/vary-1.1.2.tgz#2299f02c6ded30d4a5961b0b9f74524a18f634fc"
  
  verror@1.10.0:
    version "1.10.0"
    resolved "https://registry.yarnpkg.com/verror/-/verror-1.10.0.tgz#3a105ca17053af55d6e270c1f8288682e18da400"
    dependencies:
      assert-plus "^1.0.0"
      core-util-is "1.0.2"
      extsprintf "^1.2.0"
  
  wide-align@^1.1.0:
    version "1.1.2"
    resolved "https://registry.yarnpkg.com/wide-align/-/wide-align-1.1.2.tgz#571e0f1b0604636ebc0dfc21b0339bbe31341710"
    dependencies:
      string-width "^1.0.2"
  
  wordwrap@~0.0.2:
    version "0.0.3"
    resolved "https://registry.yarnpkg.com/wordwrap/-/wordwrap-0.0.3.tgz#a3d5da6cd5c0bc0008d37234bbaf1bed63059107"
  
  wrappy@1:
    version "1.0.2"
    resolved "https://registry.yarnpkg.com/wrappy/-/wrappy-1.0.2.tgz#b5243d8f3ec1aa35f1364605bc0d1036e30ab69f"
  
  ws@^3.0.0:
    version "3.3.3"
    resolved "https://registry.yarnpkg.com/ws/-/ws-3.3.3.tgz#f1cf84fe2d5e901ebce94efaece785f187a228f2"
    dependencies:
      async-limiter "~1.0.0"
      safe-buffer "~5.1.0"
      ultron "~1.1.0"
  
  ws@^5.1.1:
    version "5.1.1"
    resolved "https://registry.yarnpkg.com/ws/-/ws-5.1.1.tgz#1d43704689711ac1942fd2f283e38f825c4b8b95"
    dependencies:
      async-limiter "~1.0.0"
  
  xml2js@0.4.17:
    version "0.4.17"
    resolved "https://registry.yarnpkg.com/xml2js/-/xml2js-0.4.17.tgz#17be93eaae3f3b779359c795b419705a8817e868"
    dependencies:
      sax ">=0.6.0"
      xmlbuilder "^4.1.0"
  
  xmlbuilder@4.2.1, xmlbuilder@^4.1.0:
    version "4.2.1"
    resolved "https://registry.yarnpkg.com/xmlbuilder/-/xmlbuilder-4.2.1.tgz#aa58a3041a066f90eaa16c2f5389ff19f3f461a5"
    dependencies:
      lodash "^4.0.0"
  
  xtend@^4.0.1:
    version "4.0.1"
    resolved "https://registry.yarnpkg.com/xtend/-/xtend-4.0.1.tgz#a5c6d532be656e23db820efb943a1f04998d63af"
  
  yallist@^3.0.0, yallist@^3.0.2:
    version "3.0.2"
    resolved "https://registry.yarnpkg.com/yallist/-/yallist-3.0.2.tgz#8452b4bb7e83c7c188d8041c1a837c773d6d8bb9"
  
  zen-observable-ts@^0.8.6, zen-observable-ts@^0.8.9:
    version "0.8.9"
    resolved "https://registry.yarnpkg.com/zen-observable-ts/-/zen-observable-ts-0.8.9.tgz#d3c97af08c0afdca37ebcadf7cc3ee96bda9bab1"
    dependencies:
      zen-observable "^0.8.0"
  
  zen-observable@^0.7.0:
    version "0.7.1"
    resolved "https://registry.yarnpkg.com/zen-observable/-/zen-observable-0.7.1.tgz#f84075c0ee085594d3566e1d6454207f126411b3"
  
  zen-observable@^0.8.0:
    version "0.8.8"
    resolved "https://registry.yarnpkg.com/zen-observable/-/zen-observable-0.8.8.tgz#1ea93995bf098754a58215a1e0a7309e5749ec42"

Trace: 
  Error: Couldn't find package "@types/elasticdump" on the "npm" registry.
      at new MessageError (/usr/local/Cellar/yarn/1.5.1_1/libexec/lib/cli.js:186:110)
      at NpmResolver.<anonymous> (/usr/local/Cellar/yarn/1.5.1_1/libexec/lib/cli.js:51625:15)
      at Generator.next (<anonymous>)
      at step (/usr/local/Cellar/yarn/1.5.1_1/libexec/lib/cli.js:98:30)
      at /usr/local/Cellar/yarn/1.5.1_1/libexec/lib/cli.js:109:13
      at <anonymous>
      at process._tickCallback (internal/process/next_tick.js:188:7)
